2024/02/23 08:29:58 [emerg] 1#1: open() "/etc/nginx/fastcgi-php.conf" failed (2: No such file or directory) in /etc/nginx/nginx.conf:25
2024/02/23 08:29:58 [emerg] 1#1: open() "/etc/nginx/fastcgi-php.conf" failed (2: No such file or directory) in /etc/nginx/nginx.conf:25
2024/02/23 08:29:58 [emerg] 1#1: open() "/etc/nginx/fastcgi-php.conf" failed (2: No such file or directory) in /etc/nginx/nginx.conf:25
2024/02/23 08:29:59 [emerg] 1#1: open() "/etc/nginx/fastcgi-php.conf" failed (2: No such file or directory) in /etc/nginx/nginx.conf:25
2024/02/23 08:30:00 [emerg] 1#1: open() "/etc/nginx/fastcgi-php.conf" failed (2: No such file or directory) in /etc/nginx/nginx.conf:25
2024/02/23 08:30:02 [emerg] 1#1: open() "/etc/nginx/fastcgi-php.conf" failed (2: No such file or directory) in /etc/nginx/nginx.conf:25
2024/02/23 08:30:06 [emerg] 1#1: open() "/etc/nginx/fastcgi-php.conf" failed (2: No such file or directory) in /etc/nginx/nginx.conf:25
2024/02/23 08:30:13 [emerg] 1#1: open() "/etc/nginx/fastcgi-php.conf" failed (2: No such file or directory) in /etc/nginx/nginx.conf:25
2024/02/23 08:30:26 [emerg] 1#1: open() "/etc/nginx/fastcgi-php.conf" failed (2: No such file or directory) in /etc/nginx/nginx.conf:25
2024/02/23 08:30:51 [emerg] 1#1: open() "/etc/nginx/fastcgi-php.conf" failed (2: No such file or directory) in /etc/nginx/nginx.conf:25
2024/02/23 08:31:43 [emerg] 1#1: open() "/etc/nginx/fastcgi-php.conf" failed (2: No such file or directory) in /etc/nginx/nginx.conf:25
2024/02/23 08:32:43 [emerg] 1#1: open() "/etc/nginx/fastcgi-php.conf" failed (2: No such file or directory) in /etc/nginx/nginx.conf:25
2024/02/23 08:33:43 [emerg] 1#1: open() "/etc/nginx/fastcgi-php.conf" failed (2: No such file or directory) in /etc/nginx/nginx.conf:25
2024/02/23 08:34:47 [emerg] 1#1: open() "/etc/nginx/fastcgi-php.conf" failed (2: No such file or directory) in /etc/nginx/nginx.conf:25
2024/02/23 08:34:48 [emerg] 1#1: open() "/etc/nginx/fastcgi-php.conf" failed (2: No such file or directory) in /etc/nginx/nginx.conf:25
2024/02/23 08:34:49 [emerg] 1#1: open() "/etc/nginx/fastcgi-php.conf" failed (2: No such file or directory) in /etc/nginx/nginx.conf:25
2024/02/23 08:34:49 [emerg] 1#1: open() "/etc/nginx/fastcgi-php.conf" failed (2: No such file or directory) in /etc/nginx/nginx.conf:25
2024/02/23 08:34:50 [emerg] 1#1: open() "/etc/nginx/fastcgi-php.conf" failed (2: No such file or directory) in /etc/nginx/nginx.conf:25
2024/02/23 08:34:52 [emerg] 1#1: open() "/etc/nginx/fastcgi-php.conf" failed (2: No such file or directory) in /etc/nginx/nginx.conf:25
2024/02/23 08:34:56 [emerg] 1#1: open() "/etc/nginx/fastcgi-php.conf" failed (2: No such file or directory) in /etc/nginx/nginx.conf:25
2024/02/23 08:35:03 [emerg] 1#1: open() "/etc/nginx/fastcgi-php.conf" failed (2: No such file or directory) in /etc/nginx/nginx.conf:25
2024/02/23 08:35:16 [emerg] 1#1: open() "/etc/nginx/fastcgi-php.conf" failed (2: No such file or directory) in /etc/nginx/nginx.conf:25
2024/02/23 08:35:42 [emerg] 1#1: open() "/etc/nginx/fastcgi-php.conf" failed (2: No such file or directory) in /etc/nginx/nginx.conf:25
2024/02/23 08:36:33 [emerg] 1#1: open() "/etc/nginx/fastcgi-php.conf" failed (2: No such file or directory) in /etc/nginx/nginx.conf:25
2024/02/23 08:37:34 [emerg] 1#1: open() "/etc/nginx/fastcgi-php.conf" failed (2: No such file or directory) in /etc/nginx/nginx.conf:25
2024/02/23 08:38:34 [emerg] 1#1: open() "/etc/nginx/fastcgi-php.conf" failed (2: No such file or directory) in /etc/nginx/nginx.conf:25
2024/02/23 08:54:04 [emerg] 1#1: open() "/etc/nginx/fastcgi-php.conf" failed (2: No such file or directory) in /etc/nginx/nginx.conf:25
2024/02/23 08:54:05 [emerg] 1#1: open() "/etc/nginx/fastcgi-php.conf" failed (2: No such file or directory) in /etc/nginx/nginx.conf:25
2024/02/23 08:54:06 [emerg] 1#1: open() "/etc/nginx/fastcgi-php.conf" failed (2: No such file or directory) in /etc/nginx/nginx.conf:25
2024/02/23 08:54:07 [emerg] 1#1: open() "/etc/nginx/fastcgi-php.conf" failed (2: No such file or directory) in /etc/nginx/nginx.conf:25
2024/02/23 08:54:08 [emerg] 1#1: open() "/etc/nginx/fastcgi-php.conf" failed (2: No such file or directory) in /etc/nginx/nginx.conf:25
2024/02/23 08:54:10 [emerg] 1#1: open() "/etc/nginx/fastcgi-php.conf" failed (2: No such file or directory) in /etc/nginx/nginx.conf:25
2024/02/23 08:54:13 [emerg] 1#1: open() "/etc/nginx/fastcgi-php.conf" failed (2: No such file or directory) in /etc/nginx/nginx.conf:25
2024/02/23 08:54:20 [emerg] 1#1: open() "/etc/nginx/fastcgi-php.conf" failed (2: No such file or directory) in /etc/nginx/nginx.conf:25
2024/02/23 08:54:33 [emerg] 1#1: open() "/etc/nginx/fastcgi-php.conf" failed (2: No such file or directory) in /etc/nginx/nginx.conf:25
2024/02/23 08:58:02 [emerg] 1#1: open() "/etc/nginx/fastcgi-php.conf" failed (2: No such file or directory) in /etc/nginx/nginx.conf:25
2024/02/23 08:58:03 [emerg] 1#1: open() "/etc/nginx/fastcgi-php.conf" failed (2: No such file or directory) in /etc/nginx/nginx.conf:25
2024/02/23 08:58:04 [emerg] 1#1: open() "/etc/nginx/fastcgi-php.conf" failed (2: No such file or directory) in /etc/nginx/nginx.conf:25
2024/02/23 08:58:04 [emerg] 1#1: open() "/etc/nginx/fastcgi-php.conf" failed (2: No such file or directory) in /etc/nginx/nginx.conf:25
2024/02/23 08:58:05 [emerg] 1#1: open() "/etc/nginx/fastcgi-php.conf" failed (2: No such file or directory) in /etc/nginx/nginx.conf:25
2024/02/23 08:58:08 [emerg] 1#1: open() "/etc/nginx/fastcgi-php.conf" failed (2: No such file or directory) in /etc/nginx/nginx.conf:25
2024/02/23 08:59:05 [emerg] 1#1: open() "/etc/nginx/fastcgi-php.conf" failed (2: No such file or directory) in /etc/nginx/nginx.conf:25
2024/02/23 08:59:06 [emerg] 1#1: open() "/etc/nginx/fastcgi-php.conf" failed (2: No such file or directory) in /etc/nginx/nginx.conf:25
2024/02/23 08:59:07 [emerg] 1#1: open() "/etc/nginx/fastcgi-php.conf" failed (2: No such file or directory) in /etc/nginx/nginx.conf:25
2024/02/23 08:59:07 [emerg] 1#1: open() "/etc/nginx/fastcgi-php.conf" failed (2: No such file or directory) in /etc/nginx/nginx.conf:25
2024/02/23 08:59:08 [emerg] 1#1: open() "/etc/nginx/fastcgi-php.conf" failed (2: No such file or directory) in /etc/nginx/nginx.conf:25
2024/02/23 08:59:10 [emerg] 1#1: open() "/etc/nginx/fastcgi-php.conf" failed (2: No such file or directory) in /etc/nginx/nginx.conf:25
2024/02/23 08:59:14 [emerg] 1#1: open() "/etc/nginx/fastcgi-php.conf" failed (2: No such file or directory) in /etc/nginx/nginx.conf:25
2024/02/23 08:59:21 [emerg] 1#1: open() "/etc/nginx/fastcgi-php.conf" failed (2: No such file or directory) in /etc/nginx/nginx.conf:25
2024/02/23 08:59:34 [emerg] 1#1: open() "/etc/nginx/fastcgi-php.conf" failed (2: No such file or directory) in /etc/nginx/nginx.conf:25
2024/02/23 09:00:00 [emerg] 1#1: open() "/etc/nginx/fastcgi-php.conf" failed (2: No such file or directory) in /etc/nginx/nginx.conf:25
2024/02/23 09:00:39 [emerg] 1#1: open() "/etc/nginx/fastcgi-php.conf" failed (2: No such file or directory) in /etc/nginx/nginx.conf:25
2024/02/23 09:00:40 [emerg] 1#1: open() "/etc/nginx/fastcgi-php.conf" failed (2: No such file or directory) in /etc/nginx/nginx.conf:25
2024/02/23 09:01:17 [emerg] 1#1: open() "/etc/nginx/fastcgi-php.conf" failed (2: No such file or directory) in /etc/nginx/nginx.conf:25
2024/02/23 09:01:18 [emerg] 1#1: open() "/etc/nginx/fastcgi-php.conf" failed (2: No such file or directory) in /etc/nginx/nginx.conf:25
2024/02/23 09:01:18 [emerg] 1#1: open() "/etc/nginx/fastcgi-php.conf" failed (2: No such file or directory) in /etc/nginx/nginx.conf:25
2024/02/23 09:01:19 [emerg] 1#1: open() "/etc/nginx/fastcgi-php.conf" failed (2: No such file or directory) in /etc/nginx/nginx.conf:25
2024/02/23 09:01:20 [emerg] 1#1: open() "/etc/nginx/fastcgi-php.conf" failed (2: No such file or directory) in /etc/nginx/nginx.conf:25
2024/02/23 09:10:05 [emerg] 1#1: "root" directive is not allowed here in /etc/nginx/nginx.conf:1
2024/02/23 09:10:06 [emerg] 1#1: "root" directive is not allowed here in /etc/nginx/nginx.conf:1
2024/02/23 09:10:06 [emerg] 1#1: "root" directive is not allowed here in /etc/nginx/nginx.conf:1
2024/02/23 09:10:07 [emerg] 1#1: "root" directive is not allowed here in /etc/nginx/nginx.conf:1
2024/02/23 09:10:08 [emerg] 1#1: "root" directive is not allowed here in /etc/nginx/nginx.conf:1
2024/02/23 09:11:27 [emerg] 1#1: "root" directive is duplicate in /etc/nginx/nginx.conf:20
2024/02/23 09:11:27 [emerg] 1#1: "root" directive is duplicate in /etc/nginx/nginx.conf:20
2024/02/23 09:11:28 [emerg] 1#1: "root" directive is duplicate in /etc/nginx/nginx.conf:20
2024/02/23 09:11:29 [emerg] 1#1: "root" directive is duplicate in /etc/nginx/nginx.conf:20
2024/02/23 09:11:30 [emerg] 1#1: "root" directive is duplicate in /etc/nginx/nginx.conf:20
2024/02/23 09:11:32 [emerg] 1#1: "root" directive is duplicate in /etc/nginx/nginx.conf:20
2024/02/23 09:11:35 [emerg] 1#1: "root" directive is duplicate in /etc/nginx/nginx.conf:20
2024/02/23 09:11:42 [emerg] 1#1: "root" directive is duplicate in /etc/nginx/nginx.conf:20
2024/02/23 09:12:13 [emerg] 1#1: open() "/etc/nginx/fastcgi-php.conf" failed (2: No such file or directory) in /etc/nginx/nginx.conf:29
2024/02/23 09:12:14 [emerg] 1#1: open() "/etc/nginx/fastcgi-php.conf" failed (2: No such file or directory) in /etc/nginx/nginx.conf:29
2024/02/23 09:12:14 [emerg] 1#1: open() "/etc/nginx/fastcgi-php.conf" failed (2: No such file or directory) in /etc/nginx/nginx.conf:29
2024/02/23 09:12:15 [emerg] 1#1: open() "/etc/nginx/fastcgi-php.conf" failed (2: No such file or directory) in /etc/nginx/nginx.conf:29
2024/02/23 09:12:16 [emerg] 1#1: open() "/etc/nginx/fastcgi-php.conf" failed (2: No such file or directory) in /etc/nginx/nginx.conf:29
2024/02/23 09:12:18 [emerg] 1#1: open() "/etc/nginx/fastcgi-php.conf" failed (2: No such file or directory) in /etc/nginx/nginx.conf:29
2024/02/23 09:12:21 [emerg] 1#1: open() "/etc/nginx/fastcgi-php.conf" failed (2: No such file or directory) in /etc/nginx/nginx.conf:29
2024/02/23 09:12:28 [emerg] 1#1: open() "/etc/nginx/fastcgi-php.conf" failed (2: No such file or directory) in /etc/nginx/nginx.conf:29
2024/02/23 09:12:41 [emerg] 1#1: open() "/etc/nginx/fastcgi-php.conf" failed (2: No such file or directory) in /etc/nginx/nginx.conf:29
2024/02/23 09:13:07 [emerg] 1#1: open() "/etc/nginx/fastcgi-php.conf" failed (2: No such file or directory) in /etc/nginx/nginx.conf:29
2024/02/23 09:14:39 [emerg] 1#1: open() "/etc/nginx/snippets/fastcgi-php.conf" failed (2: No such file or directory) in /etc/nginx/nginx.conf:29
2024/02/23 09:14:39 [emerg] 1#1: open() "/etc/nginx/snippets/fastcgi-php.conf" failed (2: No such file or directory) in /etc/nginx/nginx.conf:29
2024/02/23 09:14:40 [emerg] 1#1: open() "/etc/nginx/snippets/fastcgi-php.conf" failed (2: No such file or directory) in /etc/nginx/nginx.conf:29
2024/02/23 09:14:40 [emerg] 1#1: open() "/etc/nginx/snippets/fastcgi-php.conf" failed (2: No such file or directory) in /etc/nginx/nginx.conf:29
2024/02/23 09:14:41 [emerg] 1#1: open() "/etc/nginx/snippets/fastcgi-php.conf" failed (2: No such file or directory) in /etc/nginx/nginx.conf:29
2024/02/23 09:14:43 [emerg] 1#1: open() "/etc/nginx/snippets/fastcgi-php.conf" failed (2: No such file or directory) in /etc/nginx/nginx.conf:29
2024/02/23 09:14:47 [emerg] 1#1: open() "/etc/nginx/snippets/fastcgi-php.conf" failed (2: No such file or directory) in /etc/nginx/nginx.conf:29
2024/02/23 09:14:53 [emerg] 1#1: open() "/etc/nginx/snippets/fastcgi-php.conf" failed (2: No such file or directory) in /etc/nginx/nginx.conf:29
2024/02/23 09:15:06 [emerg] 1#1: open() "/etc/nginx/snippets/fastcgi-php.conf" failed (2: No such file or directory) in /etc/nginx/nginx.conf:29
2024/02/23 09:15:32 [emerg] 1#1: open() "/etc/nginx/snippets/fastcgi-php.conf" failed (2: No such file or directory) in /etc/nginx/nginx.conf:29
2024/02/23 09:16:24 [emerg] 1#1: open() "/etc/nginx/snippets/fastcgi-php.conf" failed (2: No such file or directory) in /etc/nginx/nginx.conf:29
2024/02/23 09:17:24 [emerg] 1#1: open() "/etc/nginx/snippets/fastcgi-php.conf" failed (2: No such file or directory) in /etc/nginx/nginx.conf:29
2024/02/23 09:18:24 [emerg] 1#1: open() "/etc/nginx/snippets/fastcgi-php.conf" failed (2: No such file or directory) in /etc/nginx/nginx.conf:29
2024/02/23 09:19:25 [emerg] 1#1: open() "/etc/nginx/snippets/fastcgi-php.conf" failed (2: No such file or directory) in /etc/nginx/nginx.conf:29
2024/02/23 09:20:25 [emerg] 1#1: open() "/etc/nginx/snippets/fastcgi-php.conf" failed (2: No such file or directory) in /etc/nginx/nginx.conf:29
2024/02/23 09:21:25 [emerg] 1#1: open() "/etc/nginx/snippets/fastcgi-php.conf" failed (2: No such file or directory) in /etc/nginx/nginx.conf:29
2024/02/23 09:22:25 [emerg] 1#1: open() "/etc/nginx/snippets/fastcgi-php.conf" failed (2: No such file or directory) in /etc/nginx/nginx.conf:29
2024/02/23 09:23:26 [emerg] 1#1: open() "/etc/nginx/snippets/fastcgi-php.conf" failed (2: No such file or directory) in /etc/nginx/nginx.conf:29
2024/02/23 09:24:26 [emerg] 1#1: open() "/etc/nginx/snippets/fastcgi-php.conf" failed (2: No such file or directory) in /etc/nginx/nginx.conf:29
2024/02/23 09:25:26 [emerg] 1#1: open() "/etc/nginx/snippets/fastcgi-php.conf" failed (2: No such file or directory) in /etc/nginx/nginx.conf:29
2024/02/23 09:26:27 [emerg] 1#1: open() "/etc/nginx/snippets/fastcgi-php.conf" failed (2: No such file or directory) in /etc/nginx/nginx.conf:29
2024/02/23 09:27:27 [emerg] 1#1: open() "/etc/nginx/snippets/fastcgi-php.conf" failed (2: No such file or directory) in /etc/nginx/nginx.conf:29
2024/02/23 09:28:27 [emerg] 1#1: open() "/etc/nginx/snippets/fastcgi-php.conf" failed (2: No such file or directory) in /etc/nginx/nginx.conf:29
2024/02/23 09:29:28 [emerg] 1#1: open() "/etc/nginx/snippets/fastcgi-php.conf" failed (2: No such file or directory) in /etc/nginx/nginx.conf:29
2024/02/23 09:30:28 [emerg] 1#1: open() "/etc/nginx/snippets/fastcgi-php.conf" failed (2: No such file or directory) in /etc/nginx/nginx.conf:29
2024/02/23 09:31:28 [emerg] 1#1: open() "/etc/nginx/snippets/fastcgi-php.conf" failed (2: No such file or directory) in /etc/nginx/nginx.conf:29
2024/02/23 09:32:28 [emerg] 1#1: open() "/etc/nginx/snippets/fastcgi-php.conf" failed (2: No such file or directory) in /etc/nginx/nginx.conf:29
2024/02/23 09:33:29 [emerg] 1#1: open() "/etc/nginx/snippets/fastcgi-php.conf" failed (2: No such file or directory) in /etc/nginx/nginx.conf:29
2024/02/23 09:34:29 [emerg] 1#1: open() "/etc/nginx/snippets/fastcgi-php.conf" failed (2: No such file or directory) in /etc/nginx/nginx.conf:29
2024/02/23 09:35:29 [emerg] 1#1: open() "/etc/nginx/snippets/fastcgi-php.conf" failed (2: No such file or directory) in /etc/nginx/nginx.conf:29
2024/02/23 09:36:29 [emerg] 1#1: open() "/etc/nginx/snippets/fastcgi-php.conf" failed (2: No such file or directory) in /etc/nginx/nginx.conf:29
2024/02/23 09:37:30 [emerg] 1#1: open() "/etc/nginx/snippets/fastcgi-php.conf" failed (2: No such file or directory) in /etc/nginx/nginx.conf:29
2024/02/23 09:38:30 [emerg] 1#1: open() "/etc/nginx/snippets/fastcgi-php.conf" failed (2: No such file or directory) in /etc/nginx/nginx.conf:29
2024/02/23 09:39:30 [emerg] 1#1: open() "/etc/nginx/snippets/fastcgi-php.conf" failed (2: No such file or directory) in /etc/nginx/nginx.conf:29
2024/02/23 09:40:30 [emerg] 1#1: open() "/etc/nginx/snippets/fastcgi-php.conf" failed (2: No such file or directory) in /etc/nginx/nginx.conf:29
2024/02/23 09:41:31 [emerg] 1#1: open() "/etc/nginx/snippets/fastcgi-php.conf" failed (2: No such file or directory) in /etc/nginx/nginx.conf:29
2024/02/23 09:42:31 [emerg] 1#1: open() "/etc/nginx/snippets/fastcgi-php.conf" failed (2: No such file or directory) in /etc/nginx/nginx.conf:29
2024/02/23 09:43:31 [emerg] 1#1: open() "/etc/nginx/snippets/fastcgi-php.conf" failed (2: No such file or directory) in /etc/nginx/nginx.conf:29
2024/02/23 09:44:31 [emerg] 1#1: open() "/etc/nginx/snippets/fastcgi-php.conf" failed (2: No such file or directory) in /etc/nginx/nginx.conf:29
2024/02/23 09:45:32 [emerg] 1#1: open() "/etc/nginx/snippets/fastcgi-php.conf" failed (2: No such file or directory) in /etc/nginx/nginx.conf:29
2024/02/23 09:46:32 [emerg] 1#1: open() "/etc/nginx/snippets/fastcgi-php.conf" failed (2: No such file or directory) in /etc/nginx/nginx.conf:29
2024/02/23 09:47:32 [emerg] 1#1: open() "/etc/nginx/snippets/fastcgi-php.conf" failed (2: No such file or directory) in /etc/nginx/nginx.conf:29
2024/02/23 09:48:33 [emerg] 1#1: open() "/etc/nginx/snippets/fastcgi-php.conf" failed (2: No such file or directory) in /etc/nginx/nginx.conf:29
2024/02/23 09:49:33 [emerg] 1#1: open() "/etc/nginx/snippets/fastcgi-php.conf" failed (2: No such file or directory) in /etc/nginx/nginx.conf:29
2024/02/23 09:50:33 [emerg] 1#1: open() "/etc/nginx/snippets/fastcgi-php.conf" failed (2: No such file or directory) in /etc/nginx/nginx.conf:29
2024/02/23 09:51:33 [emerg] 1#1: open() "/etc/nginx/snippets/fastcgi-php.conf" failed (2: No such file or directory) in /etc/nginx/nginx.conf:29
2024/02/23 09:52:34 [emerg] 1#1: open() "/etc/nginx/snippets/fastcgi-php.conf" failed (2: No such file or directory) in /etc/nginx/nginx.conf:29
2024/02/23 09:53:34 [emerg] 1#1: open() "/etc/nginx/snippets/fastcgi-php.conf" failed (2: No such file or directory) in /etc/nginx/nginx.conf:29
2024/02/23 09:54:34 [emerg] 1#1: open() "/etc/nginx/snippets/fastcgi-php.conf" failed (2: No such file or directory) in /etc/nginx/nginx.conf:29
2024/02/23 09:55:34 [emerg] 1#1: open() "/etc/nginx/snippets/fastcgi-php.conf" failed (2: No such file or directory) in /etc/nginx/nginx.conf:29
2024/02/23 09:56:35 [emerg] 1#1: open() "/etc/nginx/snippets/fastcgi-php.conf" failed (2: No such file or directory) in /etc/nginx/nginx.conf:29
2024/02/23 09:57:35 [emerg] 1#1: open() "/etc/nginx/snippets/fastcgi-php.conf" failed (2: No such file or directory) in /etc/nginx/nginx.conf:29
2024/02/23 09:58:35 [emerg] 1#1: open() "/etc/nginx/snippets/fastcgi-php.conf" failed (2: No such file or directory) in /etc/nginx/nginx.conf:29
2024/02/23 09:59:35 [emerg] 1#1: open() "/etc/nginx/snippets/fastcgi-php.conf" failed (2: No such file or directory) in /etc/nginx/nginx.conf:29
2024/02/23 10:00:36 [emerg] 1#1: open() "/etc/nginx/snippets/fastcgi-php.conf" failed (2: No such file or directory) in /etc/nginx/nginx.conf:29
2024/02/23 10:01:36 [emerg] 1#1: open() "/etc/nginx/snippets/fastcgi-php.conf" failed (2: No such file or directory) in /etc/nginx/nginx.conf:29
2024/02/23 10:02:36 [emerg] 1#1: open() "/etc/nginx/snippets/fastcgi-php.conf" failed (2: No such file or directory) in /etc/nginx/nginx.conf:29
2024/02/23 10:03:36 [emerg] 1#1: open() "/etc/nginx/snippets/fastcgi-php.conf" failed (2: No such file or directory) in /etc/nginx/nginx.conf:29
2024/02/23 10:04:37 [emerg] 1#1: open() "/etc/nginx/snippets/fastcgi-php.conf" failed (2: No such file or directory) in /etc/nginx/nginx.conf:29
2024/02/23 10:05:37 [emerg] 1#1: open() "/etc/nginx/snippets/fastcgi-php.conf" failed (2: No such file or directory) in /etc/nginx/nginx.conf:29
2024/02/23 10:06:37 [emerg] 1#1: open() "/etc/nginx/snippets/fastcgi-php.conf" failed (2: No such file or directory) in /etc/nginx/nginx.conf:29
2024/02/23 10:07:37 [emerg] 1#1: open() "/etc/nginx/snippets/fastcgi-php.conf" failed (2: No such file or directory) in /etc/nginx/nginx.conf:29
2024/02/23 10:08:38 [emerg] 1#1: open() "/etc/nginx/snippets/fastcgi-php.conf" failed (2: No such file or directory) in /etc/nginx/nginx.conf:29
2024/02/23 10:09:38 [emerg] 1#1: open() "/etc/nginx/snippets/fastcgi-php.conf" failed (2: No such file or directory) in /etc/nginx/nginx.conf:29
2024/02/23 10:10:38 [emerg] 1#1: open() "/etc/nginx/snippets/fastcgi-php.conf" failed (2: No such file or directory) in /etc/nginx/nginx.conf:29
2024/02/23 10:11:38 [emerg] 1#1: open() "/etc/nginx/snippets/fastcgi-php.conf" failed (2: No such file or directory) in /etc/nginx/nginx.conf:29
2024/02/23 10:12:39 [emerg] 1#1: open() "/etc/nginx/snippets/fastcgi-php.conf" failed (2: No such file or directory) in /etc/nginx/nginx.conf:29
2024/02/23 10:13:39 [emerg] 1#1: open() "/etc/nginx/snippets/fastcgi-php.conf" failed (2: No such file or directory) in /etc/nginx/nginx.conf:29
2024/02/23 10:14:39 [emerg] 1#1: open() "/etc/nginx/snippets/fastcgi-php.conf" failed (2: No such file or directory) in /etc/nginx/nginx.conf:29
2024/02/23 10:15:39 [emerg] 1#1: open() "/etc/nginx/snippets/fastcgi-php.conf" failed (2: No such file or directory) in /etc/nginx/nginx.conf:29
2024/02/23 10:16:40 [emerg] 1#1: open() "/etc/nginx/snippets/fastcgi-php.conf" failed (2: No such file or directory) in /etc/nginx/nginx.conf:29
2024/02/23 10:17:40 [emerg] 1#1: open() "/etc/nginx/snippets/fastcgi-php.conf" failed (2: No such file or directory) in /etc/nginx/nginx.conf:29
2024/02/23 10:18:40 [emerg] 1#1: open() "/etc/nginx/snippets/fastcgi-php.conf" failed (2: No such file or directory) in /etc/nginx/nginx.conf:29
2024/02/23 10:19:41 [emerg] 1#1: open() "/etc/nginx/snippets/fastcgi-php.conf" failed (2: No such file or directory) in /etc/nginx/nginx.conf:29
2024/02/23 10:20:41 [emerg] 1#1: open() "/etc/nginx/snippets/fastcgi-php.conf" failed (2: No such file or directory) in /etc/nginx/nginx.conf:29
2024/02/23 10:21:41 [emerg] 1#1: open() "/etc/nginx/snippets/fastcgi-php.conf" failed (2: No such file or directory) in /etc/nginx/nginx.conf:29
2024/02/23 10:22:41 [emerg] 1#1: open() "/etc/nginx/snippets/fastcgi-php.conf" failed (2: No such file or directory) in /etc/nginx/nginx.conf:29
2024/02/23 10:23:42 [emerg] 1#1: open() "/etc/nginx/snippets/fastcgi-php.conf" failed (2: No such file or directory) in /etc/nginx/nginx.conf:29
2024/02/23 10:24:42 [emerg] 1#1: open() "/etc/nginx/snippets/fastcgi-php.conf" failed (2: No such file or directory) in /etc/nginx/nginx.conf:29
2024/02/23 10:25:42 [emerg] 1#1: open() "/etc/nginx/snippets/fastcgi-php.conf" failed (2: No such file or directory) in /etc/nginx/nginx.conf:29
2024/02/23 10:26:42 [emerg] 1#1: open() "/etc/nginx/snippets/fastcgi-php.conf" failed (2: No such file or directory) in /etc/nginx/nginx.conf:29
2024/02/23 10:27:43 [emerg] 1#1: open() "/etc/nginx/snippets/fastcgi-php.conf" failed (2: No such file or directory) in /etc/nginx/nginx.conf:29
2024/02/23 10:28:43 [emerg] 1#1: open() "/etc/nginx/snippets/fastcgi-php.conf" failed (2: No such file or directory) in /etc/nginx/nginx.conf:29
2024/02/23 10:29:43 [emerg] 1#1: open() "/etc/nginx/snippets/fastcgi-php.conf" failed (2: No such file or directory) in /etc/nginx/nginx.conf:29
2024/02/23 10:30:43 [emerg] 1#1: open() "/etc/nginx/snippets/fastcgi-php.conf" failed (2: No such file or directory) in /etc/nginx/nginx.conf:29
2024/02/23 10:31:40 [emerg] 1#1: open() "/etc/nginx/snippets/fastcgi-php.conf" failed (2: No such file or directory) in /etc/nginx/nginx.conf:29
2024/02/23 10:31:40 [emerg] 1#1: open() "/etc/nginx/snippets/fastcgi-php.conf" failed (2: No such file or directory) in /etc/nginx/nginx.conf:29
2024/02/23 10:31:41 [emerg] 1#1: open() "/etc/nginx/snippets/fastcgi-php.conf" failed (2: No such file or directory) in /etc/nginx/nginx.conf:29
2024/02/23 10:31:41 [emerg] 1#1: open() "/etc/nginx/snippets/fastcgi-php.conf" failed (2: No such file or directory) in /etc/nginx/nginx.conf:29
2024/02/23 10:31:42 [emerg] 1#1: open() "/etc/nginx/snippets/fastcgi-php.conf" failed (2: No such file or directory) in /etc/nginx/nginx.conf:29
2024/02/23 10:36:37 [emerg] 1#1: open() "/etc/nginx/snippets/fastcgi-php.conf" failed (2: No such file or directory) in /etc/nginx/nginx.conf:29
2024/02/23 10:36:37 [emerg] 1#1: open() "/etc/nginx/snippets/fastcgi-php.conf" failed (2: No such file or directory) in /etc/nginx/nginx.conf:29
2024/02/23 10:36:38 [emerg] 1#1: open() "/etc/nginx/snippets/fastcgi-php.conf" failed (2: No such file or directory) in /etc/nginx/nginx.conf:29
2024/02/23 10:36:39 [emerg] 1#1: open() "/etc/nginx/snippets/fastcgi-php.conf" failed (2: No such file or directory) in /etc/nginx/nginx.conf:29
2024/02/23 10:36:40 [emerg] 1#1: open() "/etc/nginx/snippets/fastcgi-php.conf" failed (2: No such file or directory) in /etc/nginx/nginx.conf:29
2024/02/23 10:36:42 [emerg] 1#1: open() "/etc/nginx/snippets/fastcgi-php.conf" failed (2: No such file or directory) in /etc/nginx/nginx.conf:29
2024/02/23 10:36:45 [emerg] 1#1: open() "/etc/nginx/snippets/fastcgi-php.conf" failed (2: No such file or directory) in /etc/nginx/nginx.conf:29
2024/02/23 10:36:52 [emerg] 1#1: open() "/etc/nginx/snippets/fastcgi-php.conf" failed (2: No such file or directory) in /etc/nginx/nginx.conf:29
2024/02/23 10:37:05 [emerg] 1#1: open() "/etc/nginx/snippets/fastcgi-php.conf" failed (2: No such file or directory) in /etc/nginx/nginx.conf:29
2024/02/23 10:37:31 [emerg] 1#1: open() "/etc/nginx/snippets/fastcgi-php.conf" failed (2: No such file or directory) in /etc/nginx/nginx.conf:29
2024/02/23 10:38:23 [emerg] 1#1: open() "/etc/nginx/snippets/fastcgi-php.conf" failed (2: No such file or directory) in /etc/nginx/nginx.conf:29
2024/02/23 10:39:23 [emerg] 1#1: open() "/etc/nginx/snippets/fastcgi-php.conf" failed (2: No such file or directory) in /etc/nginx/nginx.conf:29
2024/02/23 10:40:23 [emerg] 1#1: open() "/etc/nginx/snippets/fastcgi-php.conf" failed (2: No such file or directory) in /etc/nginx/nginx.conf:29
2024/02/23 10:41:23 [emerg] 1#1: open() "/etc/nginx/snippets/fastcgi-php.conf" failed (2: No such file or directory) in /etc/nginx/nginx.conf:29
2024/02/23 10:42:24 [emerg] 1#1: open() "/etc/nginx/snippets/fastcgi-php.conf" failed (2: No such file or directory) in /etc/nginx/nginx.conf:29
2024/02/23 10:43:24 [emerg] 1#1: open() "/etc/nginx/snippets/fastcgi-php.conf" failed (2: No such file or directory) in /etc/nginx/nginx.conf:29
2024/02/23 10:44:24 [emerg] 1#1: open() "/etc/nginx/snippets/fastcgi-php.conf" failed (2: No such file or directory) in /etc/nginx/nginx.conf:29
2024/02/23 10:45:28 [emerg] 1#1: open() "/etc/nginx/snippets/fastcgi-php.conf" failed (2: No such file or directory) in /etc/nginx/nginx.conf:29
2024/02/23 10:45:29 [emerg] 1#1: open() "/etc/nginx/snippets/fastcgi-php.conf" failed (2: No such file or directory) in /etc/nginx/nginx.conf:29
2024/02/23 10:45:30 [emerg] 1#1: open() "/etc/nginx/snippets/fastcgi-php.conf" failed (2: No such file or directory) in /etc/nginx/nginx.conf:29
2024/02/23 10:45:31 [emerg] 1#1: open() "/etc/nginx/snippets/fastcgi-php.conf" failed (2: No such file or directory) in /etc/nginx/nginx.conf:29
2024/02/23 10:45:32 [emerg] 1#1: open() "/etc/nginx/snippets/fastcgi-php.conf" failed (2: No such file or directory) in /etc/nginx/nginx.conf:29
2024/02/23 10:45:34 [emerg] 1#1: open() "/etc/nginx/snippets/fastcgi-php.conf" failed (2: No such file or directory) in /etc/nginx/nginx.conf:29
2024/02/23 10:45:37 [emerg] 1#1: open() "/etc/nginx/snippets/fastcgi-php.conf" failed (2: No such file or directory) in /etc/nginx/nginx.conf:29
2024/02/23 10:45:44 [emerg] 1#1: open() "/etc/nginx/snippets/fastcgi-php.conf" failed (2: No such file or directory) in /etc/nginx/nginx.conf:29
2024/02/23 10:51:02 [emerg] 1#1: open() "/etc/nginx/snippets/fastcgi-php.conf" failed (2: No such file or directory) in /etc/nginx/nginx.conf:29
2024/02/23 10:51:02 [emerg] 1#1: open() "/etc/nginx/snippets/fastcgi-php.conf" failed (2: No such file or directory) in /etc/nginx/nginx.conf:29
2024/02/23 10:51:03 [emerg] 1#1: open() "/etc/nginx/snippets/fastcgi-php.conf" failed (2: No such file or directory) in /etc/nginx/nginx.conf:29
2024/02/23 10:51:04 [emerg] 1#1: open() "/etc/nginx/snippets/fastcgi-php.conf" failed (2: No such file or directory) in /etc/nginx/nginx.conf:29
2024/02/23 10:51:05 [emerg] 1#1: open() "/etc/nginx/snippets/fastcgi-php.conf" failed (2: No such file or directory) in /etc/nginx/nginx.conf:29
2024/02/23 10:51:07 [emerg] 1#1: open() "/etc/nginx/snippets/fastcgi-php.conf" failed (2: No such file or directory) in /etc/nginx/nginx.conf:29
2024/02/23 10:51:10 [emerg] 1#1: open() "/etc/nginx/snippets/fastcgi-php.conf" failed (2: No such file or directory) in /etc/nginx/nginx.conf:29
2024/02/23 10:58:37 [emerg] 1#1: open() "/etc/nginx/snippets/fastcgi-php.conf" failed (2: No such file or directory) in /etc/nginx/nginx.conf:29
2024/02/23 10:58:38 [emerg] 1#1: open() "/etc/nginx/snippets/fastcgi-php.conf" failed (2: No such file or directory) in /etc/nginx/nginx.conf:29
2024/02/23 10:58:39 [emerg] 1#1: open() "/etc/nginx/snippets/fastcgi-php.conf" failed (2: No such file or directory) in /etc/nginx/nginx.conf:29
2024/02/23 10:58:40 [emerg] 1#1: open() "/etc/nginx/snippets/fastcgi-php.conf" failed (2: No such file or directory) in /etc/nginx/nginx.conf:29
2024/02/23 10:58:41 [emerg] 1#1: open() "/etc/nginx/snippets/fastcgi-php.conf" failed (2: No such file or directory) in /etc/nginx/nginx.conf:29
2024/02/23 10:58:43 [emerg] 1#1: open() "/etc/nginx/snippets/fastcgi-php.conf" failed (2: No such file or directory) in /etc/nginx/nginx.conf:29
2024/02/23 10:58:47 [emerg] 1#1: open() "/etc/nginx/snippets/fastcgi-php.conf" failed (2: No such file or directory) in /etc/nginx/nginx.conf:29
2024/02/23 10:58:54 [emerg] 1#1: open() "/etc/nginx/snippets/fastcgi-php.conf" failed (2: No such file or directory) in /etc/nginx/nginx.conf:29
2024/02/23 10:59:15 [emerg] 1#1: open() "/etc/nginx/snippets/fastcgi-php.conf" failed (2: No such file or directory) in /etc/nginx/nginx.conf:29
2024/02/23 10:59:16 [emerg] 1#1: open() "/etc/nginx/snippets/fastcgi-php.conf" failed (2: No such file or directory) in /etc/nginx/nginx.conf:29
2024/02/23 10:59:16 [emerg] 1#1: open() "/etc/nginx/snippets/fastcgi-php.conf" failed (2: No such file or directory) in /etc/nginx/nginx.conf:29
2024/02/23 10:59:17 [emerg] 1#1: open() "/etc/nginx/snippets/fastcgi-php.conf" failed (2: No such file or directory) in /etc/nginx/nginx.conf:29
2024/02/23 10:59:18 [emerg] 1#1: open() "/etc/nginx/snippets/fastcgi-php.conf" failed (2: No such file or directory) in /etc/nginx/nginx.conf:29
2024/02/23 10:59:20 [emerg] 1#1: open() "/etc/nginx/snippets/fastcgi-php.conf" failed (2: No such file or directory) in /etc/nginx/nginx.conf:29
2024/02/23 10:59:23 [emerg] 1#1: open() "/etc/nginx/snippets/fastcgi-php.conf" failed (2: No such file or directory) in /etc/nginx/nginx.conf:29
2024/02/23 13:27:20 [emerg] 1#1: open() "/etc/nginx/snippets/fastcgi-php.conf" failed (2: No such file or directory) in /etc/nginx/nginx.conf:29
2024/02/23 13:27:21 [emerg] 1#1: open() "/etc/nginx/snippets/fastcgi-php.conf" failed (2: No such file or directory) in /etc/nginx/nginx.conf:29
2024/02/23 13:27:21 [emerg] 1#1: open() "/etc/nginx/snippets/fastcgi-php.conf" failed (2: No such file or directory) in /etc/nginx/nginx.conf:29
2024/02/23 13:27:22 [emerg] 1#1: open() "/etc/nginx/snippets/fastcgi-php.conf" failed (2: No such file or directory) in /etc/nginx/nginx.conf:29
2024/02/23 13:27:23 [emerg] 1#1: open() "/etc/nginx/snippets/fastcgi-php.conf" failed (2: No such file or directory) in /etc/nginx/nginx.conf:29
2024/02/23 13:27:25 [emerg] 1#1: open() "/etc/nginx/snippets/fastcgi-php.conf" failed (2: No such file or directory) in /etc/nginx/nginx.conf:29
2024/02/23 13:27:28 [emerg] 1#1: open() "/etc/nginx/snippets/fastcgi-php.conf" failed (2: No such file or directory) in /etc/nginx/nginx.conf:29
2024/02/23 13:27:35 [emerg] 1#1: open() "/etc/nginx/snippets/fastcgi-php.conf" failed (2: No such file or directory) in /etc/nginx/nginx.conf:29
2024/02/23 13:27:48 [emerg] 1#1: open() "/etc/nginx/snippets/fastcgi-php.conf" failed (2: No such file or directory) in /etc/nginx/nginx.conf:29
2024/02/23 13:28:14 [emerg] 1#1: open() "/etc/nginx/snippets/fastcgi-php.conf" failed (2: No such file or directory) in /etc/nginx/nginx.conf:29
2024/02/23 13:29:05 [emerg] 1#1: open() "/etc/nginx/snippets/fastcgi-php.conf" failed (2: No such file or directory) in /etc/nginx/nginx.conf:29
2024/02/23 13:30:02 [emerg] 1#1: open() "/etc/nginx/snippets/fastcgi-php.conf" failed (2: No such file or directory) in /etc/nginx/nginx.conf:29
2024/02/23 13:30:03 [emerg] 1#1: open() "/etc/nginx/snippets/fastcgi-php.conf" failed (2: No such file or directory) in /etc/nginx/nginx.conf:29
2024/02/23 13:30:03 [emerg] 1#1: open() "/etc/nginx/snippets/fastcgi-php.conf" failed (2: No such file or directory) in /etc/nginx/nginx.conf:29
2024/02/23 13:30:04 [emerg] 1#1: open() "/etc/nginx/snippets/fastcgi-php.conf" failed (2: No such file or directory) in /etc/nginx/nginx.conf:29
2024/02/23 13:30:05 [emerg] 1#1: open() "/etc/nginx/snippets/fastcgi-php.conf" failed (2: No such file or directory) in /etc/nginx/nginx.conf:29
2024/02/23 13:30:07 [emerg] 1#1: open() "/etc/nginx/snippets/fastcgi-php.conf" failed (2: No such file or directory) in /etc/nginx/nginx.conf:29
2024/02/23 13:30:10 [emerg] 1#1: open() "/etc/nginx/snippets/fastcgi-php.conf" failed (2: No such file or directory) in /etc/nginx/nginx.conf:29
2024/02/23 13:30:17 [emerg] 1#1: open() "/etc/nginx/snippets/fastcgi-php.conf" failed (2: No such file or directory) in /etc/nginx/nginx.conf:29
2024/02/23 13:30:30 [emerg] 1#1: open() "/etc/nginx/snippets/fastcgi-php.conf" failed (2: No such file or directory) in /etc/nginx/nginx.conf:29
2024/02/23 13:30:56 [emerg] 1#1: open() "/etc/nginx/snippets/fastcgi-php.conf" failed (2: No such file or directory) in /etc/nginx/nginx.conf:29
2024/02/23 13:31:47 [emerg] 1#1: open() "/etc/nginx/snippets/fastcgi-php.conf" failed (2: No such file or directory) in /etc/nginx/nginx.conf:29
2024/02/23 13:32:48 [emerg] 1#1: open() "/etc/nginx/snippets/fastcgi-php.conf" failed (2: No such file or directory) in /etc/nginx/nginx.conf:29
2024/02/23 13:33:48 [emerg] 1#1: open() "/etc/nginx/snippets/fastcgi-php.conf" failed (2: No such file or directory) in /etc/nginx/nginx.conf:29
2024/02/23 13:34:49 [emerg] 1#1: open() "/etc/nginx/snippets/fastcgi-php.conf" failed (2: No such file or directory) in /etc/nginx/nginx.conf:29
2024/02/23 13:35:49 [emerg] 1#1: open() "/etc/nginx/snippets/fastcgi-php.conf" failed (2: No such file or directory) in /etc/nginx/nginx.conf:29
2024/02/23 13:36:49 [emerg] 1#1: open() "/etc/nginx/snippets/fastcgi-php.conf" failed (2: No such file or directory) in /etc/nginx/nginx.conf:29
2024/02/23 13:37:49 [emerg] 1#1: open() "/etc/nginx/snippets/fastcgi-php.conf" failed (2: No such file or directory) in /etc/nginx/nginx.conf:29
2024/02/23 13:38:50 [emerg] 1#1: open() "/etc/nginx/snippets/fastcgi-php.conf" failed (2: No such file or directory) in /etc/nginx/nginx.conf:29
2024/02/23 13:39:50 [emerg] 1#1: open() "/etc/nginx/snippets/fastcgi-php.conf" failed (2: No such file or directory) in /etc/nginx/nginx.conf:29
2024/02/23 13:40:50 [emerg] 1#1: open() "/etc/nginx/snippets/fastcgi-php.conf" failed (2: No such file or directory) in /etc/nginx/nginx.conf:29
2024/02/23 13:41:50 [emerg] 1#1: open() "/etc/nginx/snippets/fastcgi-php.conf" failed (2: No such file or directory) in /etc/nginx/nginx.conf:29
2024/02/23 13:42:56 [emerg] 1#1: open() "/etc/nginx/fastcgi-php.conf" failed (2: No such file or directory) in /etc/nginx/nginx.conf:29
2024/02/23 13:42:56 [emerg] 1#1: open() "/etc/nginx/fastcgi-php.conf" failed (2: No such file or directory) in /etc/nginx/nginx.conf:29
2024/02/23 13:42:57 [emerg] 1#1: open() "/etc/nginx/fastcgi-php.conf" failed (2: No such file or directory) in /etc/nginx/nginx.conf:29
2024/02/23 13:42:58 [emerg] 1#1: open() "/etc/nginx/fastcgi-php.conf" failed (2: No such file or directory) in /etc/nginx/nginx.conf:29
2024/02/23 13:42:59 [emerg] 1#1: open() "/etc/nginx/fastcgi-php.conf" failed (2: No such file or directory) in /etc/nginx/nginx.conf:29
2024/02/23 13:43:00 [emerg] 1#1: open() "/etc/nginx/fastcgi-php.conf" failed (2: No such file or directory) in /etc/nginx/nginx.conf:29
2024/02/23 13:44:12 [emerg] 1#1: open() "/etc/nginx/snippets/fastcgi-php.conf" failed (2: No such file or directory) in /etc/nginx/nginx.conf:29
2024/02/23 13:44:13 [emerg] 1#1: open() "/etc/nginx/snippets/fastcgi-php.conf" failed (2: No such file or directory) in /etc/nginx/nginx.conf:29
2024/02/23 13:44:13 [emerg] 1#1: open() "/etc/nginx/snippets/fastcgi-php.conf" failed (2: No such file or directory) in /etc/nginx/nginx.conf:29
2024/02/23 13:44:14 [emerg] 1#1: open() "/etc/nginx/snippets/fastcgi-php.conf" failed (2: No such file or directory) in /etc/nginx/nginx.conf:29
2024/02/23 13:44:15 [emerg] 1#1: open() "/etc/nginx/snippets/fastcgi-php.conf" failed (2: No such file or directory) in /etc/nginx/nginx.conf:29
2024/02/23 13:49:44 [emerg] 1#1: open() "/etc/nginx/fastcgi-php.conf" failed (2: No such file or directory) in /etc/nginx/nginx.conf:29
2024/02/23 13:49:44 [emerg] 1#1: open() "/etc/nginx/fastcgi-php.conf" failed (2: No such file or directory) in /etc/nginx/nginx.conf:29
2024/02/23 13:49:45 [emerg] 1#1: open() "/etc/nginx/fastcgi-php.conf" failed (2: No such file or directory) in /etc/nginx/nginx.conf:29
2024/02/23 13:49:46 [emerg] 1#1: open() "/etc/nginx/fastcgi-php.conf" failed (2: No such file or directory) in /etc/nginx/nginx.conf:29
2024/02/23 13:49:47 [emerg] 1#1: open() "/etc/nginx/fastcgi-php.conf" failed (2: No such file or directory) in /etc/nginx/nginx.conf:29
2024/02/23 13:49:49 [emerg] 1#1: open() "/etc/nginx/fastcgi-php.conf" failed (2: No such file or directory) in /etc/nginx/nginx.conf:29
2024/02/23 13:56:02 [emerg] 1#1: open() "/etc/nginx/fastcgi-php.conf" failed (2: No such file or directory) in /etc/nginx/nginx.conf:29
2024/02/23 13:56:02 [emerg] 1#1: open() "/etc/nginx/fastcgi-php.conf" failed (2: No such file or directory) in /etc/nginx/nginx.conf:29
2024/02/23 13:56:03 [emerg] 1#1: open() "/etc/nginx/fastcgi-php.conf" failed (2: No such file or directory) in /etc/nginx/nginx.conf:29
2024/02/23 13:56:04 [emerg] 1#1: open() "/etc/nginx/fastcgi-php.conf" failed (2: No such file or directory) in /etc/nginx/nginx.conf:29
2024/02/23 13:56:05 [emerg] 1#1: open() "/etc/nginx/fastcgi-php.conf" failed (2: No such file or directory) in /etc/nginx/nginx.conf:29
2024/02/23 13:56:07 [emerg] 1#1: open() "/etc/nginx/fastcgi-php.conf" failed (2: No such file or directory) in /etc/nginx/nginx.conf:29
2024/02/23 13:57:29 [emerg] 1#1: invalid parameter "$https" in /etc/nginx/fastcgi.conf:13
2024/02/23 13:57:29 [emerg] 1#1: invalid parameter "$https" in /etc/nginx/fastcgi.conf:13
2024/02/23 13:57:30 [emerg] 1#1: invalid parameter "$https" in /etc/nginx/fastcgi.conf:13
2024/02/23 13:57:31 [emerg] 1#1: invalid parameter "$https" in /etc/nginx/fastcgi.conf:13
2024/02/23 13:57:32 [emerg] 1#1: invalid parameter "$https" in /etc/nginx/fastcgi.conf:13
2024/02/23 13:57:33 [emerg] 1#1: invalid parameter "$https" in /etc/nginx/fastcgi.conf:13
2024/02/23 13:57:37 [emerg] 1#1: invalid parameter "$https" in /etc/nginx/fastcgi.conf:13
2024/02/23 14:00:36 [emerg] 1#1: "try_files" directive is duplicate in /etc/nginx/fastcgi-php.conf:5
2024/02/23 14:00:36 [emerg] 1#1: "try_files" directive is duplicate in /etc/nginx/fastcgi-php.conf:5
2024/02/23 14:00:37 [emerg] 1#1: "try_files" directive is duplicate in /etc/nginx/fastcgi-php.conf:5
2024/02/23 14:00:37 [emerg] 1#1: "try_files" directive is duplicate in /etc/nginx/fastcgi-php.conf:5
2024/02/23 14:00:38 [emerg] 1#1: "try_files" directive is duplicate in /etc/nginx/fastcgi-php.conf:5
2024/02/23 14:00:40 [emerg] 1#1: "try_files" directive is duplicate in /etc/nginx/fastcgi-php.conf:5
2024/02/23 14:00:44 [emerg] 1#1: "try_files" directive is duplicate in /etc/nginx/fastcgi-php.conf:5
2024/02/23 14:04:02 [emerg] 1#1: "try_files" directive is duplicate in /etc/nginx/fastcgi-php.conf:5
2024/02/23 14:04:03 [emerg] 1#1: "try_files" directive is duplicate in /etc/nginx/fastcgi-php.conf:5
2024/02/23 14:04:03 [emerg] 1#1: "try_files" directive is duplicate in /etc/nginx/fastcgi-php.conf:5
2024/02/23 14:04:04 [emerg] 1#1: "try_files" directive is duplicate in /etc/nginx/fastcgi-php.conf:5
2024/02/23 14:04:05 [emerg] 1#1: "try_files" directive is duplicate in /etc/nginx/fastcgi-php.conf:5
2024/02/23 14:04:07 [emerg] 1#1: "try_files" directive is duplicate in /etc/nginx/fastcgi-php.conf:5
2024/02/23 14:04:43 [emerg] 1#1: "fastcgi_index" directive is duplicate in /etc/nginx/fastcgi-php.conf:12
2024/02/23 14:04:43 [emerg] 1#1: "fastcgi_index" directive is duplicate in /etc/nginx/fastcgi-php.conf:12
2024/02/23 14:04:44 [emerg] 1#1: "fastcgi_index" directive is duplicate in /etc/nginx/fastcgi-php.conf:12
2024/02/23 14:04:44 [emerg] 1#1: "fastcgi_index" directive is duplicate in /etc/nginx/fastcgi-php.conf:12
2024/02/23 14:04:45 [emerg] 1#1: "fastcgi_index" directive is duplicate in /etc/nginx/fastcgi-php.conf:12
2024/02/23 14:04:47 [emerg] 1#1: "fastcgi_index" directive is duplicate in /etc/nginx/fastcgi-php.conf:12
2024/02/23 14:04:51 [emerg] 1#1: "fastcgi_index" directive is duplicate in /etc/nginx/fastcgi-php.conf:12
2024/02/23 14:06:06 [error] 7#7: *5 connect() failed (111: Connection refused) while connecting to upstream, client: 192.168.65.1, server: localhost, request: "GET /wp-config.php HTTP/1.1", upstream: "fastcgi://172.26.0.3:9000", host: "localhost"
2024/02/23 14:06:14 [error] 7#7: *5 connect() failed (111: Connection refused) while connecting to upstream, client: 192.168.65.1, server: localhost, request: "GET /wp-admin.php HTTP/1.1", upstream: "fastcgi://172.26.0.3:9000", host: "localhost"
2024/02/23 14:07:12 [error] 7#7: *5 connect() failed (111: Connection refused) while connecting to upstream, client: 192.168.65.1, server: localhost, request: "GET /wp-admin.php HTTP/1.1", upstream: "fastcgi://172.26.0.3:9000", host: "localhost"
2024/02/23 14:07:13 [error] 7#7: *5 connect() failed (111: Connection refused) while connecting to upstream, client: 192.168.65.1, server: localhost, request: "GET /wp-config.php HTTP/1.1", upstream: "fastcgi://172.26.0.3:9000", host: "localhost"
2024/02/23 14:11:15 [error] 7#7: *9 connect() failed (111: Connection refused) while connecting to upstream, client: 192.168.65.1, server: localhost, request: "GET /wp-config.php HTTP/1.1", upstream: "fastcgi://172.26.0.3:9000", host: "localhost"
2024/02/23 14:11:39 [error] 7#7: *9 connect() failed (111: Connection refused) while connecting to upstream, client: 192.168.65.1, server: localhost, request: "GET /wp-login.php HTTP/1.1", upstream: "fastcgi://172.26.0.3:9000", host: "localhost"
2024/02/23 14:15:17 [emerg] 1#1: open() "/etc/nginx/snippets/fastcgi-php.conf" failed (2: No such file or directory) in /etc/nginx/nginx.conf:29
2024/02/23 14:15:17 [emerg] 1#1: open() "/etc/nginx/snippets/fastcgi-php.conf" failed (2: No such file or directory) in /etc/nginx/nginx.conf:29
2024/02/23 14:15:18 [emerg] 1#1: open() "/etc/nginx/snippets/fastcgi-php.conf" failed (2: No such file or directory) in /etc/nginx/nginx.conf:29
2024/02/23 14:15:19 [emerg] 1#1: open() "/etc/nginx/snippets/fastcgi-php.conf" failed (2: No such file or directory) in /etc/nginx/nginx.conf:29
2024/02/23 14:15:20 [emerg] 1#1: open() "/etc/nginx/snippets/fastcgi-php.conf" failed (2: No such file or directory) in /etc/nginx/nginx.conf:29
2024/02/23 14:15:22 [emerg] 1#1: open() "/etc/nginx/snippets/fastcgi-php.conf" failed (2: No such file or directory) in /etc/nginx/nginx.conf:29
2024/02/23 16:39:08 [error] 7#7: *5 connect() failed (111: Connection refused) while connecting to upstream, client: 192.168.65.1, server: srapopor.42.fr, request: "GET / HTTP/1.1", upstream: "fastcgi://172.31.0.3:9000", host: "localhost"
2024/02/23 16:39:37 [error] 7#7: *5 connect() failed (111: Connection refused) while connecting to upstream, client: 192.168.65.1, server: srapopor.42.fr, request: "GET /index.php HTTP/1.1", upstream: "fastcgi://172.31.0.3:9000", host: "localhost"
2024/02/23 16:39:38 [error] 7#7: *5 connect() failed (111: Connection refused) while connecting to upstream, client: 192.168.65.1, server: srapopor.42.fr, request: "GET /index.php HTTP/1.1", upstream: "fastcgi://172.31.0.3:9000", host: "localhost"
2024/02/23 16:41:34 [error] 7#7: *14 connect() failed (111: Connection refused) while connecting to upstream, client: 192.168.65.1, server: srapopor.42.fr, request: "GET /index.php HTTP/1.1", upstream: "fastcgi://172.31.0.3:9000", host: "localhost"
2024/02/23 16:41:37 [error] 7#7: *14 connect() failed (111: Connection refused) while connecting to upstream, client: 192.168.65.1, server: srapopor.42.fr, request: "GET /index.php HTTP/1.1", upstream: "fastcgi://172.31.0.3:9000", host: "localhost"
2024/02/23 16:44:51 [error] 7#7: *22 connect() failed (111: Connection refused) while connecting to upstream, client: 192.168.65.1, server: srapopor.42.fr, request: "GET /index.php HTTP/1.1", upstream: "fastcgi://172.31.0.3:9000", host: "localhost"
